Oct-23 11:54:04.301 [main] DEBUG nextflow.cli.Launcher - $> nextflow run nf-metatropics/ -profile singularity --input /data/Daan/Projects/Aziza/Second_run/Input/Aziza_f5_run2.csv --input_dir /data/Daan/Projects/Aziza/Second_run/Input/fast5 --outdir /data/Daan/Projects/Aziza/Second_run/Output --fasta /data/Daan/DB/Human_Genome/chm13v2.0.fa --basecall true --model dna_r10.4.1_e8.2_400bps_hac.cfg --minLength 200 --usegpu true --dbmeta /data/Daan/DB/virusDB2 --front 18 --tail 18 --minVirus 0.0001 -resume
Oct-23 11:54:04.370 [main] INFO  nextflow.cli.CmdRun - N E X T F L O W  ~  version 19.01.0
Oct-23 11:54:04.462 [main] DEBUG nextflow.scm.AssetManager - Listing projects in folder: /home/itg.be/djansen/.nextflow/assets
Oct-23 11:54:04.468 [main] INFO  nextflow.cli.CmdRun - Pulling nextflow-io/nf-metatropics ...
Oct-23 11:54:04.469 [main] DEBUG nextflow.scm.RepositoryProvider - Request [credentials -:-] -> https://api.github.com/repos/nextflow-io/nf-metatropics/contents/nextflow.config
Oct-23 11:54:04.808 [main] DEBUG nextflow.scm.AssetManager - Project manifest does not exist: https://api.github.com/repos/nextflow-io/nf-metatropics/contents/nextflow.config
Oct-23 11:54:04.813 [main] DEBUG nextflow.scm.RepositoryProvider - Request [credentials -:-] -> https://api.github.com/repos/nextflow-io/nf-metatropics/contents/main.nf
Oct-23 11:54:04.989 [main] DEBUG nextflow.scm.RepositoryProvider - Request [credentials -:-] -> https://api.github.com/repos/nextflow-io/nf-metatropics
Oct-23 11:54:05.162 [main] DEBUG nextflow.cli.Launcher - Operation aborted
java.io.FileNotFoundException: https://api.github.com/repos/nextflow-io/nf-metatropics
	at sun.reflect.NativeConstructorAccessorImpl.newInstance0(Native Method)
	at sun.reflect.NativeConstructorAccessorImpl.newInstance(NativeConstructorAccessorImpl.java:62)
	at sun.reflect.DelegatingConstructorAccessorImpl.newInstance(DelegatingConstructorAccessorImpl.java:45)
	at java.lang.reflect.Constructor.newInstance(Constructor.java:423)
	at sun.net.www.protocol.http.HttpURLConnection$10.run(HttpURLConnection.java:1926)
	at sun.net.www.protocol.http.HttpURLConnection$10.run(HttpURLConnection.java:1921)
	at java.security.AccessController.doPrivileged(Native Method)
	at sun.net.www.protocol.http.HttpURLConnection.getChainedException(HttpURLConnection.java:1920)
	at sun.net.www.protocol.http.HttpURLConnection.getInputStream0(HttpURLConnection.java:1490)
	at sun.net.www.protocol.http.HttpURLConnection.getInputStream(HttpURLConnection.java:1474)
	at sun.net.www.protocol.https.HttpsURLConnectionImpl.getInputStream(HttpsURLConnectionImpl.java:254)
	at nextflow.scm.RepositoryProvider.invoke(RepositoryProvider.groovy:109)
	at nextflow.scm.RepositoryProvider.memoizedMethodPriv$invokeAndParseResponseString(RepositoryProvider.groovy:170)
	at sun.reflect.NativeMethodAccessorImpl.invoke0(Native Method)
	at sun.reflect.NativeMethodAccessorImpl.invoke(NativeMethodAccessorImpl.java:62)
	at sun.reflect.DelegatingMethodAccessorImpl.invoke(DelegatingMethodAccessorImpl.java:43)
	at java.lang.reflect.Method.invoke(Method.java:498)
	at org.codehaus.groovy.reflection.CachedMethod.invoke(CachedMethod.java:104)
	at groovy.lang.MetaMethod.doMethodInvoke(MetaMethod.java:326)
	at groovy.lang.MetaClassImpl.invokeMethod(MetaClassImpl.java:1217)
	at groovy.lang.MetaClassImpl.invokeMethod(MetaClassImpl.java:1041)
	at org.codehaus.groovy.runtime.InvokerHelper.invokePogoMethod(InvokerHelper.java:1011)
	at org.codehaus.groovy.runtime.InvokerHelper.invokeMethod(InvokerHelper.java:994)
	at org.codehaus.groovy.runtime.InvokerHelper.invokeMethodSafe(InvokerHelper.java:97)
	at nextflow.scm.RepositoryProvider$_closure1.doCall(RepositoryProvider.groovy)
	at sun.reflect.NativeMethodAccessorImpl.invoke0(Native Method)
	at sun.reflect.NativeMethodAccessorImpl.invoke(NativeMethodAccessorImpl.java:62)
	at sun.reflect.DelegatingMethodAccessorImpl.invoke(DelegatingMethodAccessorImpl.java:43)
	at java.lang.reflect.Method.invoke(Method.java:498)
	at org.codehaus.groovy.reflection.CachedMethod.invoke(CachedMethod.java:104)
	at groovy.lang.MetaMethod.doMethodInvoke(MetaMethod.java:326)
	at org.codehaus.groovy.runtime.metaclass.ClosureMetaClass.invokeMethod(ClosureMetaClass.java:264)
	at groovy.lang.MetaClassImpl.invokeMethod(MetaClassImpl.java:1041)
	at groovy.lang.Closure.call(Closure.java:411)
	at org.codehaus.groovy.runtime.memoize.Memoize$MemoizeFunction$1.provide(Memoize.java:139)
	at org.codehaus.groovy.runtime.memoize.ConcurrentCommonCache.getAndPut(ConcurrentCommonCache.java:147)
	at org.codehaus.groovy.runtime.memoize.ConcurrentCommonCache.getAndPut(ConcurrentCommonCache.java:123)
	at org.codehaus.groovy.runtime.memoize.Memoize$MemoizeFunction.call(Memoize.java:136)
	at groovy.lang.Closure.call(Closure.java:427)
	at nextflow.scm.RepositoryProvider.invokeAndParseResponse(RepositoryProvider.groovy)
	at nextflow.scm.RepositoryProvider.validateRepo(RepositoryProvider.groovy:208)
	at nextflow.scm.RepositoryProvider.validateFor(RepositoryProvider.groovy:201)
	at nextflow.scm.AssetManager.checkValidRemoteRepo(AssetManager.groovy:340)
	at nextflow.scm.AssetManager.download(AssetManager.groovy:547)
	at nextflow.scm.AssetManager.download(AssetManager.groovy)
	at nextflow.cli.CmdRun.getScriptFile(CmdRun.groovy:300)
	at nextflow.cli.CmdRun.run(CmdRun.groovy:214)
	at nextflow.cli.Launcher.run(Launcher.groovy:445)
	at nextflow.cli.Launcher.main(Launcher.groovy:622)
Caused by: java.io.FileNotFoundException: https://api.github.com/repos/nextflow-io/nf-metatropics
	at sun.net.www.protocol.http.HttpURLConnection.getInputStream0(HttpURLConnection.java:1872)
	at sun.net.www.protocol.http.HttpURLConnection.getInputStream(HttpURLConnection.java:1474)
	at java.net.HttpURLConnection.getResponseCode(HttpURLConnection.java:480)
	at sun.net.www.protocol.https.HttpsURLConnectionImpl.getResponseCode(HttpsURLConnectionImpl.java:338)
	at nextflow.scm.RepositoryProvider.checkResponse(RepositoryProvider.groovy:138)
	at nextflow.scm.RepositoryProvider.invoke(RepositoryProvider.groovy:106)
	... 37 common frames omitted
